=== DE-CCEA ALGORITHM DEBUG LOG ===
Dataset: 04
Method: mcfp
Seed: 1
Problem Size: 12
Population Size: 200
Max Evaluations: 5000
Diversity Parameter (Di): 1.73205
Number of Clusters: 3
Variables per Cluster: 4
Number of Points: 150
Cardinality Constraints: C0=50 C1=50 C2=50 
Total Capacity: 150 (Points: 150)
Start Time: 1774371860.424365
=================================

[MCFP] Eval 1: MaxFlow=150 (expected=150) MinCost=697237
EVAL 1: Fitness = 291.393 *** NEW BEST ***
=== NEW BEST SOLUTION DETAILS (Eval 1) ===
Fitness: 291.393
Cluster sizes (actual/limit): C0=50/50 C1=50/50 C2=50/50 
Per-cluster fitness: C0=38.8586 C1=135.49 C2=117.044 
[MCFP] Eval 2: MaxFlow=150 (expected=150) MinCost=718261
EVAL 2: Fitness = 284.39 *** NEW BEST ***
=== NEW BEST SOLUTION DETAILS (Eval 2) ===
Fitness: 284.39
Cluster sizes (actual/limit): C0=50/50 C1=50/50 C2=50/50 
Per-cluster fitness: C0=39.6292 C1=144.455 C2=100.306 
[MCFP] Eval 3: MaxFlow=150 (expected=150) MinCost=318596
EVAL 3: Fitness = 105.031 *** NEW BEST ***
=== NEW BEST SOLUTION DETAILS (Eval 3) ===
Fitness: 105.031
Cluster sizes (actual/limit): C0=50/50 C1=50/50 C2=50/50 
Per-cluster fitness: C0=15.2404 C1=48.5068 C2=41.2836 
EVAL 4: Fitness = 91.5908 *** NEW BEST ***
=== NEW BEST SOLUTION DETAILS (Eval 4) ===
Fitness: 91.5908
Cluster sizes (actual/limit): C0=50/50 C1=50/50 C2=50/50 
Per-cluster fitness: C0=15.2404 C1=32.4036 C2=43.9468 
EVAL 5: Fitness = 322.012
EVAL 6: Fitness = 175.809
EVAL 7: Fitness = 308.306
EVAL 8: Fitness = 115.305
EVAL 9: Fitness = 89.2548 *** NEW BEST ***
=== NEW BEST SOLUTION DETAILS (Eval 9) ===
Fitness: 89.2548
Cluster sizes (actual/limit): C0=50/50 C1=50/50 C2=50/50 
Per-cluster fitness: C0=31.4804 C1=42.534 C2=15.2404 
EVAL 10: Fitness = 122.566
EVAL 11: Fitness = 87.4016 *** NEW BEST ***
=== NEW BEST SOLUTION DETAILS (Eval 11) ===
Fitness: 87.4016
Cluster sizes (actual/limit): C0=50/50 C1=50/50 C2=50/50 
Per-cluster fitness: C0=30.1974 C1=41.9638 C2=15.2404 
EVAL 12: Fitness = 103.737
EVAL 13: Fitness = 187.599
EVAL 14: Fitness = 84.1964 *** NEW BEST ***
=== NEW BEST SOLUTION DETAILS (Eval 14) ===
Fitness: 84.1964
Cluster sizes (actual/limit): C0=50/50 C1=50/50 C2=50/50 
Per-cluster fitness: C0=29.6388 C1=15.2404 C2=39.3172 
EVAL 15: Fitness = 127.367
EVAL 16: Fitness = 327.178
EVAL 17: Fitness = 86.6996
EVAL 18: Fitness = 131.1
EVAL 19: Fitness = 138.201
EVAL 20: Fitness = 81.9928 *** NEW BEST ***
=== NEW BEST SOLUTION DETAILS (Eval 20) ===
Fitness: 81.9928
Cluster sizes (actual/limit): C0=50/50 C1=50/50 C2=50/50 
Per-cluster fitness: C0=38.4206 C1=15.2404 C2=28.3318 
EVAL 21: Fitness = 135.746
EVAL 22: Fitness = 387.222
EVAL 23: Fitness = 85.7928
EVAL 24: Fitness = 143.038
EVAL 25: Fitness = 140.919
EVAL 26: Fitness = 96.5472
EVAL 27: Fitness = 296.552
EVAL 28: Fitness = 116.985
EVAL 29: Fitness = 105.949
EVAL 30: Fitness = 112.289
EVAL 31: Fitness = 168.08
EVAL 32: Fitness = 137.058
EVAL 33: Fitness = 84.5112
EVAL 34: Fitness = 102.18
EVAL 35: Fitness = 133.328
EVAL 36: Fitness = 297.089
EVAL 37: Fitness = 214.103
EVAL 38: Fitness = 108.96
EVAL 39: Fitness = 123.978
EVAL 40: Fitness = 100.736
EVAL 41: Fitness = 322.402
EVAL 42: Fitness = 83.616
EVAL 43: Fitness = 89.1364
EVAL 44: Fitness = 137.823
EVAL 45: Fitness = 95.3468
EVAL 46: Fitness = 92.2532
EVAL 47: Fitness = 118.9
EVAL 48: Fitness = 84.986
EVAL 49: Fitness = 89.8884
EVAL 50: Fitness = 108.821
EVAL 68: Fitness = 81.9368 *** NEW BEST ***
=== NEW BEST SOLUTION DETAILS (Eval 68) ===
Fitness: 81.9368
Cluster sizes (actual/limit): C0=50/50 C1=50/50 C2=50/50 
Per-cluster fitness: C0=28.6902 C1=15.2404 C2=38.0062 
EVAL 80: Fitness = 81.6192 *** NEW BEST ***
=== NEW BEST SOLUTION DETAILS (Eval 80) ===
Fitness: 81.6192
Cluster sizes (actual/limit): C0=50/50 C1=50/50 C2=50/50 
Per-cluster fitness: C0=28.5998 C1=37.779 C2=15.2404 
EVAL 95: Fitness = 81.5264 *** NEW BEST ***
=== NEW BEST SOLUTION DETAILS (Eval 95) ===
Fitness: 81.5264
Cluster sizes (actual/limit): C0=50/50 C1=50/50 C2=50/50 
Per-cluster fitness: C0=28.4474 C1=37.8386 C2=15.2404 
EVAL 181: Fitness = 81.3672 *** NEW BEST ***
=== NEW BEST SOLUTION DETAILS (Eval 181) ===
Fitness: 81.3672
Cluster sizes (actual/limit): C0=50/50 C1=50/50 C2=50/50 
Per-cluster fitness: C0=37.857 C1=28.2698 C2=15.2404 
INITIAL POPULATION EVALUATION
============================
Individual 0 Fitness: 291.393
  Centroids: 7.32468 2.94652 5.62029 2.01626 7.58193 2.47412 2.97781 1.94375 5.29999 3.32953 3.81664 1.60929 
Individual 1 Fitness: 284.39
  Centroids: 5.61322 3.23216 6.61816 2.29887 6.58856 3.72151 1.83546 1.55673 4.35868 2.58293 1.80967 2.03002 
Individual 2 Fitness: 105.031
  Centroids: 4.86404 2.96227 1.76576 0.361141 7.89613 2.52382 4.0263 2.11387 6.5055 2.71048 4.76156 1.35829 
Individual 3 Fitness: 91.5908
  Centroids: 6.0769 4.33466 2.72585 1.95126 6.19628 3.84779 3.36135 2.23967 5.31993 2.8459 5.76557 2.30566 
Individual 4 Fitness: 322.012
  Centroids: 4.55112 4.27838 4.10337 0.306534 4.99197 3.59174 6.25237 0.937343 4.53102 2.04806 3.70044 0.25143 

INITIAL BEST SOLUTION
===================
Best Fitness: 291.393

STARTING MAIN EVOLUTION LOOP
============================

Generation 1 (nfes: 200)
Best Fitness: 81.3672
Pop Stats - Min: 81.3672 Max: 416.489 Mean: 155.485 Std: 83.425
Diversity D: 1.65584
EVAL 500: Fitness = 89.7452

Generation 2 (nfes: 400)
Best Fitness: 81.3672
Pop Stats - Min: 81.3672 Max: 416.489 Mean: 153.522 Std: 77.6608
Diversity D: 1.57963

Generation 3 (nfes: 600)
Best Fitness: 81.3672
Pop Stats - Min: 81.3672 Max: 449.961 Mean: 154.954 Std: 83.0612
Diversity D: 1.50342
EVAL 1000: Fitness = 100.219

Generation 4 (nfes: 800)
Best Fitness: 81.3672
Pop Stats - Min: 81.3672 Max: 481.358 Mean: 149.617 Std: 79.9678
Diversity D: 1.42721

Generation 5 (nfes: 1000)
Best Fitness: 81.3672
Pop Stats - Min: 81.3672 Max: 481.358 Mean: 156.33 Std: 84.6869
Diversity D: 1.351
EVAL 1500: Fitness = 276.707
EVAL 2000: Fitness = 106.494

Generation 11 (nfes: 2200)
Best Fitness: 81.3672
Pop Stats - Min: 81.3672 Max: 462.032 Mean: 152.183 Std: 87.145
Diversity D: 0.893738
EVAL 2500: Fitness = 91.3968
EVAL 3000: Fitness = 84.1964
EVAL 3500: Fitness = 104.062
EVAL 4000: Fitness = 460.275

Generation 21 (nfes: 4200)
Best Fitness: 81.3672
Pop Stats - Min: 81.3672 Max: 92.2532 Mean: 84.3274 Std: 2.5052
Diversity D: 0.131636
EVAL 4500: Fitness = 328.904
EVAL 5000: Fitness = 83.9948

ALGORITHM TERMINATION
===================
Total Generations: 24
Total Evaluations: 5000
Final Best Fitness: 81.3672
Final Diversity Parameter D: -1

=================================
End Time: 1774371867.466402
Total Execution Time: 7.04204 seconds
=================================
