=== DE-CCEA ALGORITHM DEBUG LOG ===
Dataset: 07
Method: mcfp
Seed: 1
Problem Size: 39
Population Size: 200
Max Evaluations: 5000
Diversity Parameter (Di): 3.1225
Number of Clusters: 3
Variables per Cluster: 13
Number of Points: 178
Cardinality Constraints: C0=59 C1=71 C2=48 
Total Capacity: 178 (Points: 178)
Start Time: 1774371901.533951
=================================

[MCFP] Eval 1: MaxFlow=178 (expected=178) MinCost=13241523535
EVAL 1: Fitness = 4.03829e+06 *** NEW BEST ***
=== NEW BEST SOLUTION DETAILS (Eval 1) ===
Fitness: 4.03829e+06
Cluster sizes (actual/limit): C0=59/59 C1=71/71 C2=48/48 
Per-cluster fitness: C0=276225 C1=3.56441e+06 C2=197660 
[MCFP] Eval 2: MaxFlow=178 (expected=178) MinCost=3771334456
EVAL 2: Fitness = 2.45738e+06 *** NEW BEST ***
=== NEW BEST SOLUTION DETAILS (Eval 2) ===
Fitness: 2.45738e+06
Cluster sizes (actual/limit): C0=59/59 C1=71/71 C2=48/48 
Per-cluster fitness: C0=297725 C1=730314 C2=1.42935e+06 
[MCFP] Eval 3: MaxFlow=178 (expected=178) MinCost=96949320112
EVAL 3: Fitness = 3.07512e+06
EVAL 4: Fitness = 3.01166e+06
EVAL 5: Fitness = 3.06523e+06
EVAL 6: Fitness = 2.41429e+06 *** NEW BEST ***
=== NEW BEST SOLUTION DETAILS (Eval 6) ===
Fitness: 2.41429e+06
Cluster sizes (actual/limit): C0=59/59 C1=71/71 C2=48/48 
Per-cluster fitness: C0=496731 C1=482434 C2=1.43512e+06 
EVAL 7: Fitness = 3.0092e+06
EVAL 8: Fitness = 2.45738e+06
EVAL 9: Fitness = 4.02133e+06
EVAL 10: Fitness = 3.0096e+06
EVAL 11: Fitness = 3.99512e+06
EVAL 12: Fitness = 2.39828e+06 *** NEW BEST ***
=== NEW BEST SOLUTION DETAILS (Eval 12) ===
Fitness: 2.39828e+06
Cluster sizes (actual/limit): C0=59/59 C1=71/71 C2=48/48 
Per-cluster fitness: C0=486503 C1=482434 C2=1.42935e+06 
EVAL 13: Fitness = 4.00452e+06
EVAL 14: Fitness = 3.06523e+06
EVAL 15: Fitness = 2.39828e+06
EVAL 16: Fitness = 3.06523e+06
EVAL 17: Fitness = 2.39828e+06
EVAL 18: Fitness = 2.39828e+06
EVAL 19: Fitness = 3.00074e+06
EVAL 20: Fitness = 4.02473e+06
EVAL 21: Fitness = 3.00074e+06
EVAL 22: Fitness = 4.02492e+06
EVAL 23: Fitness = 3.00074e+06
EVAL 24: Fitness = 3.06552e+06
EVAL 25: Fitness = 4.02492e+06
EVAL 26: Fitness = 3.06523e+06
EVAL 27: Fitness = 4.02492e+06
EVAL 28: Fitness = 3.0748e+06
EVAL 29: Fitness = 3.99512e+06
EVAL 30: Fitness = 3.00074e+06
EVAL 31: Fitness = 3.00074e+06
EVAL 32: Fitness = 2.39828e+06
EVAL 33: Fitness = 3.00074e+06
EVAL 34: Fitness = 3.00074e+06
EVAL 35: Fitness = 2.39828e+06
EVAL 36: Fitness = 3.38398e+06
EVAL 37: Fitness = 3.99512e+06
EVAL 38: Fitness = 3.06552e+06
EVAL 39: Fitness = 2.45738e+06
EVAL 40: Fitness = 3.06523e+06
EVAL 41: Fitness = 3.00074e+06
EVAL 42: Fitness = 4.00452e+06
EVAL 43: Fitness = 4.02492e+06
EVAL 44: Fitness = 2.39828e+06
EVAL 45: Fitness = 3.06552e+06
EVAL 46: Fitness = 3.0092e+06
EVAL 47: Fitness = 2.45738e+06
EVAL 48: Fitness = 2.39828e+06
EVAL 49: Fitness = 3.99512e+06
EVAL 50: Fitness = 3.00074e+06
INITIAL POPULATION EVALUATION
============================
Individual 0 Fitness: 4.03829e+06
  Centroids: 14.2227 2.73558 2.8244 26.0897 153.872 1.5529 1.92896 0.537162 1.29055 7.77253 1.0672 2.98682 789.428 12.9809 5.55828 3.07328 22.9328 135.991 1.39065 3.21703 ...
Individual 1 Fitness: 2.45738e+06
  Centroids: 13.9612 3.40533 2.79974 18.3644 152.021 1.80161 2.01065 0.558094 3.32331 2.09753 1.64767 2.70597 398.65 11.7604 4.09593 3.02473 17.3685 75.9038 1.03807 2.50951 ...
Individual 2 Fitness: 3.07512e+06
  Centroids: 13.4619 2.53149 2.6463 13.8199 110.49 3.53222 4.27041 0.305079 1.13583 11.7503 0.910943 3.14461 1618.97 13.2668 4.06596 2.96572 19.1275 155.005 2.13547 4.202 ...
Individual 3 Fitness: 3.01166e+06
  Centroids: 12.6127 1.59821 3.05572 12.6015 81.5989 2.41679 3.94465 0.651918 3.37396 9.3017 0.951322 3.31687 794.866 12.1478 1.91524 2.45299 15.3416 84.0199 3.10323 0.934751 ...
Individual 4 Fitness: 3.06523e+06
  Centroids: 11.2956 1.77555 2.22286 26.5017 122.745 3.17118 0.58619 0.213638 3.57998 3.67473 1.57465 1.61253 1676.91 11.2354 5.14493 1.49525 10.6807 154.922 2.70229 1.19496 ...

INITIAL BEST SOLUTION
===================
Best Fitness: 4.03829e+06

STARTING MAIN EVOLUTION LOOP
============================

Generation 1 (nfes: 200)
Best Fitness: 2.39828e+06
Pop Stats - Min: 2.39828e+06 Max: 9.09837e+06 Mean: 3.23869e+06 Std: 782061
Diversity D: 2.98511
EVAL 500: Fitness = 4.02492e+06

Generation 2 (nfes: 400)
Best Fitness: 2.39828e+06
Pop Stats - Min: 2.39828e+06 Max: 4.07297e+06 Mean: 3.20147e+06 Std: 650797
Diversity D: 2.84772

Generation 3 (nfes: 600)
Best Fitness: 2.39828e+06
Pop Stats - Min: 2.39828e+06 Max: 4.81631e+06 Mean: 3.20365e+06 Std: 656576
Diversity D: 2.71033
EVAL 1000: Fitness = 3.00074e+06

Generation 4 (nfes: 800)
Best Fitness: 2.39828e+06
Pop Stats - Min: 2.39828e+06 Max: 4.81631e+06 Mean: 3.20381e+06 Std: 654124
Diversity D: 2.57294

Generation 5 (nfes: 1000)
Best Fitness: 2.39828e+06
Pop Stats - Min: 2.39828e+06 Max: 4.81631e+06 Mean: 3.19732e+06 Std: 656819
Diversity D: 2.43555
EVAL 1500: Fitness = 3.06523e+06
EVAL 2000: Fitness = 3.2088e+06

Generation 11 (nfes: 2200)
Best Fitness: 2.39828e+06
Pop Stats - Min: 2.39828e+06 Max: 4.38168e+06 Mean: 3.1751e+06 Std: 651550
Diversity D: 1.61121
EVAL 2500: Fitness = 4.11749e+06
EVAL 3000: Fitness = 2.39828e+06
EVAL 3500: Fitness = 3.00074e+06
EVAL 4000: Fitness = 3.06552e+06

Generation 21 (nfes: 4200)
Best Fitness: 2.39828e+06
Pop Stats - Min: 2.39828e+06 Max: 5.39357e+06 Mean: 3.17676e+06 Std: 700793
Diversity D: 0.23731
EVAL 4500: Fitness = 2.45738e+06
EVAL 5000: Fitness = 3.07512e+06

ALGORITHM TERMINATION
===================
Total Generations: 24
Total Evaluations: 5000
Final Best Fitness: 2.39828e+06
Final Diversity Parameter D: -1

=================================
End Time: 1774371912.7800
Total Execution Time: 10.4738 seconds
=================================
